<?xml version="1.0" encoding="UTF-8"?>
<!-- Generated by org.testng.reporters.JUnitReportReporter -->
<testsuite hostname="VINSYSLT0170" failures="0" tests="2" name="com.test.orange_hrm_test_case" time="15.440" errors="0" timestamp="2023-07-28T18:48:02 IST" skipped="0">
  <testcase classname="com.test.orange_hrm_test_case" name="login_page" time="5.190"/>
  <system-out/>
  <testcase classname="com.test.orange_hrm_test_case" name="dashboard_page" time="10.250"/>
  <system-out/>
</testsuite> <!-- com.test.orange_hrm_test_case -->
